script,language,energy_joules,time_seconds,instructions,cycles,cache_misses
treebylevels.rs,Rust,<not,0.0025907,5,369,638,6,329,657,13,984
Waiting 1 minutes before the next script...
All measurements complete!
,,,,,,
Script                              | Language   | Energy (Joules) | Time (s)  
---------------------------------------------------------------
mergearrays.js,JavaScript,<not,0.058634,69,477,103,98,606,950,948,158
Waiting 1 minutes before the next script...
mergearrays.py,Python,<not,0.105359,223,214,332,276,713,822,2,049,131
Waiting 1 minutes before the next script...
mergearrays.rs,Rust,<not,0.060224,133,718,629,175,570,991,1,396,201
Waiting 1 minutes before the next script...
queuetime.js,JavaScript,<not,0.065949,<not,<not,<not
Waiting 1 minutes before the next script...
queuetime.py,Python,<not,0.043331,83,670,539,109,934,164,730,065
Waiting 1 minutes before the next script...
queuetime.rs,Rust,<not,0.017578,49,357,460,56,973,426,191,638
Waiting 1 minutes before the next script...
sjf.js,JavaScript,<not,0.05696,52,257,803,68,073,827,685,252
Waiting 1 minutes before the next script...
sjf.py,Python,<not,0.015013,38,082,432,44,182,331,217,173
Waiting 1 minutes before the next script...
sjf.rs,Rust,<not,0.002738,4,084,038,4,666,186,12,775
Waiting 1 minutes before the next script...
treebylevels.js,JavaScript,<not,0.05651,67,496,390,89,890,561,828,517
Waiting 1 minutes before the next script...
treebylevels.py,Python,<not,0.064175,161,735,994,210,450,285,2,024,138
Waiting 1 minutes before the next script...
treebylevels.rs,Rust,<not,0.0025790,5,021,236,5,575,289,18,159
Waiting 1 minutes before the next script...
All measurements complete!
